<?xml version="1.0" encoding="UTF-8"?>
<!-- Generated by org.testng.reporters.JUnitReportReporter -->
<testsuite hostname="DESKTOP-JOTK0KK" failures="0" tests="1" name="runner.TestRunner" time="21.559" errors="0" timestamp="2023-09-19T11:27:02 IST" skipped="0">
  <testcase classname="runner.TestRunner" name="runScenario" time="21.559"/>
  <system-out/>
</testsuite> <!-- runner.TestRunner -->
